-------------------------------------------------------------------------------
Test set: MainTest
-------------------------------------------------------------------------------
Tests run: 6, Failures: 1, Errors: 0, Skipped: 0, Time elapsed: 2.193 s <<< FAILURE! - in MainTest
testPalindrome  Time elapsed: 0.046 s  <<< FAILURE!
org.opentest4j.AssertionFailedError: expected: <false> but was: <true>
	at MainTest.testPalindrome(MainTest.java:22)

