<?xml version="1.0" encoding="UTF-8"?>
<testsuite xmlns:xsi="http://www.w3.org/2001/XMLSchema-instance" xsi:noNamespaceSchemaLocation="https://maven.apache.org/surefire/maven-surefire-plugin/xsd/surefire-test-report.xsd" name="MainTest" time="2.193" tests="6" errors="0" skipped="0" failures="1">
  <properties>
[...]
</properties>
  <testcase name="testWorkintechListSortMethod" classname="MainTest" time="0.092"/>
  <testcase name="testWorkintechListRemoveMethod" classname="MainTest" time="0"/>
  <testcase name="testWorkintechListAddMethod" classname="MainTest" time="0"/>
  <testcase name="testPalindrome" classname="MainTest" time="0.046">
    <failure message="expected: &lt;false&gt; but was: &lt;true&gt;" type="org.opentest4j.AssertionFailedError"><![CDATA[org.opentest4j.AssertionFailedError: expected: <false> but was: <true>
	at MainTest.testPalindrome(MainTest.java:22)
]]></failure>
  </testcase>
  <testcase name="testWorkintechListType" classname="MainTest" time="0"/>
  <testcase name="testConvertToDecimal" classname="MainTest" time="0.001"/>
</testsuite>